<?xml version="1.0" encoding="UTF-8"?>
<!-- Generated by org.testng.reporters.JUnitReportReporter -->
<testsuite hostname="Revan" failures="0" tests="4" name="com.internetbanking.testCases.TC_LoginDDT_002" time="21.135" errors="0" timestamp="2022-10-18T11:54:06 IST" skipped="0">
  <testcase classname="com.internetbanking.testCases.TC_LoginDDT_002" name="DDT" time="9.593"/>
  <system-out/>
  <testcase classname="com.internetbanking.testCases.TC_LoginDDT_002" name="DDT" time="2.833"/>
  <system-out/>
  <testcase classname="com.internetbanking.testCases.TC_LoginDDT_002" name="DDT" time="4.407"/>
  <system-out/>
  <testcase classname="com.internetbanking.testCases.TC_LoginDDT_002" name="DDT" time="4.302"/>
  <system-out/>
</testsuite> <!-- com.internetbanking.testCases.TC_LoginDDT_002 -->
