<?xml version="1.0" encoding="UTF-8"?>
<!-- Generated by org.testng.reporters.JUnitReportReporter -->
<testsuite hostname="Revan" failures="0" tests="1" name="com.internetbanking.testCases.TC_LoginTest_001" time="3.482" errors="0" timestamp="2022-10-17T21:00:11 IST" skipped="0">
  <testcase classname="com.internetbanking.testCases.TC_LoginTest_001" name="logintest" time="3.482"/>
  <system-out/>
</testsuite> <!-- com.internetbanking.testCases.TC_LoginTest_001 -->
